Arguments: 
  /usr/local/Cellar/node@18/18.16.0/bin/node /Users/jakuboksa/.cache/node/corepack/yarn/1.22.19/bin/yarn.js add @typescript-eslint/eslint-plugin: ./.eslintrc.cjs

PATH: 
  /usr/local/bin:/usr/local/sbin:/usr/local/bin:/usr/bin:/bin:/usr/sbin:/sbin:/Users/jakuboksa/Library/Android/sdk/platform-tools:/Users/jakuboksa/Library/pnpm:/usr/local/sbin

Yarn version: 
  1.22.19

Node version: 
  18.16.0

Platform: 
  darwin x64

Trace: 
  Error: https://registry.yarnpkg.com/@typescript-eslint%2feslint-plugin:: Not found
      at params.callback [as _callback] (/Users/jakuboksa/.cache/node/corepack/yarn/1.22.19/lib/cli.js:66145:18)
      at self.callback (/Users/jakuboksa/.cache/node/corepack/yarn/1.22.19/lib/cli.js:140890:22)
      at Request.emit (node:events:513:28)
      at Request.<anonymous> (/Users/jakuboksa/.cache/node/corepack/yarn/1.22.19/lib/cli.js:141862:10)
      at Request.emit (node:events:513:28)
      at IncomingMessage.<anonymous> (/Users/jakuboksa/.cache/node/corepack/yarn/1.22.19/lib/cli.js:141784:12)
      at Object.onceWrapper (node:events:627:28)
      at IncomingMessage.emit (node:events:525:35)
      at endReadableNT (node:internal/streams/readable:1359:12)
      at process.processTicksAndRejections (node:internal/process/task_queues:82:21)

npm manifest: 
  {
    "name": "node-random-color-generator",
    "version": "1.0.0",
    "type": "module",
    "description": "",
    "main": "index.js",
    "scripts": {
      "test": "echo \"Error: no test specified\" && exit 1"
    },
    "keywords": [],
    "author": "Jakub Oksa",
    "license": "ISC",
    "devDependencies": {
      "eslint-config-upleveled": "^4.1.8",
      "typescript": "^5.0.4"
    },
    "dependencies": {
      "chalk": "^5.2.0",
      "randomcolor": "^0.6.2"
    }
  }

yarn manifest: 
  No manifest

Lockfile: 
  No lockfile
